11:19:09.619 [main] INFO  com.intuit.karate.Runner - using system property 'karate.options': c:\Users\Camila\www\S206Karate\ListaAPI\aula_api\src\test\java\aula_inatel\testeAPIKarate\makeup.feature
11:19:29.533 [main] DEBUG com.intuit.karate.Suite - [config] classpath:karate-config.js
11:19:55.892 [pool-1-thread-1] INFO  com.intuit.karate - karate.env system property was: null 
11:19:55.892 [pool-1-thread-5] INFO  com.intuit.karate - karate.env system property was: null 
11:19:55.894 [pool-1-thread-4] INFO  com.intuit.karate - karate.env system property was: null 
11:19:55.979 [pool-1-thread-2] INFO  com.intuit.karate - karate.env system property was: null 
11:19:55.981 [pool-1-thread-3] INFO  com.intuit.karate - karate.env system property was: null 
11:19:57.845 [pool-1-thread-2] ERROR com.intuit.karate - Malformed escape pair at index 97: https://makeup-api.herokuapp.com/api/v1/products.json?product_tags=Organic&product_type=lipstick1%#34, http call failed after 163 milliseconds for url: https://makeup-api.herokuapp.com/api/v1/products.json?product_tags=Organic&product_type=lipstick1%#34
11:19:57.862 [pool-1-thread-2] ERROR com.intuit.karate - src/test/java/aula_inatel/testeAPIKarate/makeup.feature:17
When method get
http call failed after 163 milliseconds for url: https://makeup-api.herokuapp.com/api/v1/products.json?product_tags=Organic&product_type=lipstick1%#34
src/test/java/aula_inatel/testeAPIKarate/makeup.feature:17
11:19:58.479 [pool-1-thread-2] INFO  com.intuit.karate - karate.env system property was: null 
11:20:06.469 [pool-1-thread-2] DEBUG com.intuit.karate - request:
1 > GET https://makeup-api.herokuapp.com/api/v1/products.json?product_tags=Organic&product_type=lipstick
1 > Host: makeup-api.herokuapp.com
1 > Connection: Keep-Alive
1 > User-Agent: Apache-HttpClient/4.5.13 (Java/17.0.1)
1 > Accept-Encoding: gzip,deflate


11:20:06.481 [pool-1-thread-4] DEBUG com.intuit.karate - request:
1 > GET https://makeup-api.herokuapp.com/api/v1/products.json?product_tags=Organic&product_type=lipstick
1 > Host: makeup-api.herokuapp.com
1 > Connection: Keep-Alive
1 > User-Agent: Apache-HttpClient/4.5.13 (Java/17.0.1)
1 > Accept-Encoding: gzip,deflate


11:20:06.479 [pool-1-thread-5] DEBUG com.intuit.karate - request:
1 > GET https://makeup-api.herokuapp.com/api/v1/products.json?product_tags=Organic&product_type=lipstick
1 > Host: makeup-api.herokuapp.com
1 > Connection: Keep-Alive
1 > User-Agent: Apache-HttpClient/4.5.13 (Java/17.0.1)
1 > Accept-Encoding: gzip,deflate


11:20:06.496 [pool-1-thread-1] DEBUG com.intuit.karate - request:
1 > GET https://makeup-api.herokuapp.com/api/v1/products.json?product_tags=Organic&product_type=lipstick
1 > Host: makeup-api.herokuapp.com
1 > Connection: Keep-Alive
1 > User-Agent: Apache-HttpClient/4.5.13 (Java/17.0.1)
1 > Accept-Encoding: gzip,deflate


11:20:06.544 [pool-1-thread-3] DEBUG com.intuit.karate - request:
1 > GET https://makeup-api.herokuapp.com/api/v1/products.json?product_tags=Organic&product_type=lipstick
1 > Host: makeup-api.herokuapp.com
1 > Connection: Keep-Alive
1 > User-Agent: Apache-HttpClient/4.5.13 (Java/17.0.1)
1 > Accept-Encoding: gzip,deflate


11:20:13.327 [pool-1-thread-3] DEBUG com.intuit.karate - response time in milliseconds: 6070
1 < 200
1 < Connection: keep-alive
1 < X-Frame-Options: SAMEORIGIN
1 < X-Xss-Protection: 1; mode=block
1 < X-Content-Type-Options: nosniff
1 < Content-Type: application/json; charset=utf-8
1 < Access-Control-Allow-Origin: *
1 < Access-Control-Allow-Methods: GET, OPTIONS
1 < Access-Control-Allow-Headers: Origin, Content-Type, Accept, Authorization, Token
1 < Access-Control-Max-Age: 1728000
1 < Etag: W/"63b640a2470a135f408013efbaf865ff"
1 < Cache-Control: max-age=0, private, must-revalidate
1 < X-Request-Id: 8982b146-5e77-4f88-b0e7-687b306a90f5
1 < X-Runtime: 0.080843
1 < Server: WEBrick/1.3.1 (Ruby/2.3.1/2016-04-26)
1 < Date: Wed, 24 Nov 2021 14:20:12 GMT
1 < Content-Length: 3682
1 < Via: 1.1 vegur
[{"website_link":"https:\/\/www.boosh.ca\/","image_link":"https:\/\/cdn.shopify.com\/s\/files\/1\/1016\/3243\/products\/LIPBALM_LID_grande.jpg?v=1496848378","rating":null,"description":"All of our products are free from lead and heavy metals, parabens, phthalates, artificial colourants, and synthetic fragrances.  Boosh lipstick glides on smoothly for clean & protective SPF coverage. They are filled with hydrating oils and butters to preserve and enhance your lips natural surface. Organic sweet orange oil gives a light and cheerful scent.","created_at":"2018-07-08T17:32:28.088Z","api_featured_image":"\/\/s3.amazonaws.com\/donovanbailey\/products\/api_featured_images\/000\/001\/044\/original\/data?1531071233","product_type":"lipstick","updated_at":"2018-09-02T22:52:06.669Z","price":"26.0","tag_list":["Chemical Free","Organic"],"name":"Lipstick","price_sign":"$","currency":"CAD","id":1044,"category":"lipstick","product_colors":[{"colour_name":"Babs","hex_value":"#CB4975"},{"colour_name":"Bobbie","hex_value":"#B6636F"},{"colour_name":"Rosie","hex_value":"#B37072"},{"colour_name":"Ellie","hex_value":"#C6727C"},{"colour_name":"Dahlia","hex_value":"#AF2257"},{"colour_name":"Kat","hex_value":"#573F53"},{"colour_name":"Brie","hex_value":"#875672"},{"colour_name":"Emmy","hex_value":"#BC88A5"},{"colour_name":"Dusty rose","hex_value":"#BB8A88"},{"colour_name":"Kylie","hex_value":"#8D5C58"},{"colour_name":"Leah","hex_value":"#C86775"},{"colour_name":"Lip Plumping Balm","hex_value":"#F8D7D6"},{"colour_name":"Luna","hex_value":"#8F6065"},{"colour_name":"Nova","hex_value":"#C79289"},{"colour_name":"Ruby","hex_value":"#9D3F47"}],"brand":"boosh","product_api_url":"https:\/\/makeup-api.herokuapp.com\/api\/v1\/products\/1044.json","product_link":"https:\/\/www.boosh.ca\/collections\/all"},{"website_link":"https:\/\/well.ca","image_link":"https:\/\/d3t32hsnjxo7q6.cloudfront.net\/i\/5876ec738df72b74a0aac649415a452f_ra,w158,h184_pa,w158,h184.jpg","rating":5.0,"description":"This Dr. Hauschka Lipstick leaves the lips feeling soft and silky thanks\n to its composition of premium argan oil and beeswax, as well as mineral\n pigments and medicinal plant extracts.  The colour of the slim-liner \ncombines with the natural red of the lips to create completely uniquenuances of colour.Ingredients: Ricinus\n Communis (Castor) Seed Oil, Simmondsia Chinensis (Jojoba) Seed Oil, \nRosa Canina Fruit Extract, Lanolin, Beeswax (Cera Alba), Mica, Daucus \nCarota Sativa (Carrot) Root Extract, Argania Spinosa Kernel Oil, \nEuphorbia Cerifera (Candelilla) Wax, Copernicia Cerifera (Carnauba) Wax,\n Rosa Damascena Flower Extract, Anthyllis Vulneraria Extract, Prunus \nAmygdalus Dulcis (Sweet Almond) Oil, Prunus Armeniaca (Apricot) Kernel \nOil, Hydrogenated Jojoba Oil, Rosa Damascena Flower Wax, Fragrance \n(Parfum), Linalool*, Benzyl Benzoate*, Farnesol*, Limonene*, Geraniol*, \nBenzyl Salicylate*, Eugenol*, Citronellol*, Benzyl Alcohol*, \nMaltodextrin, Lecithin, Silica, Carmine (CI 75470), Iron Oxides (CI \n77491, CI 77492, CI 77499), Titanium Dioxide (CI 77891).  *component of \nnatural essential oils","created_at":"2016-10-01T18:25:36.091Z","api_featured_image":"\/\/s3.amazonaws.com\/donovanbailey\/products\/api_featured_images\/000\/000\/099\/original\/data?1514063304","product_type":"lipstick","updated_at":"2017-12-23T21:08:24.940Z","price":"27.0","tag_list":["Organic","Natural"],"name":"Dr. Hauschka Limited Edition Lipstick Novum","price_sign":null,"currency":null,"id":99,"category":"lipstick","product_colors":[],"brand":"dr. hauschka","product_api_url":"https:\/\/makeup-api.herokuapp.com\/api\/v1\/products\/99.json","product_link":"https:\/\/well.ca\/products\/dr-hauschka-limited-edition_117899.html"}]
11:20:13.327 [pool-1-thread-1] DEBUG com.intuit.karate - response time in milliseconds: 6113
1 < 200
1 < Connection: keep-alive
1 < X-Frame-Options: SAMEORIGIN
1 < X-Xss-Protection: 1; mode=block
1 < X-Content-Type-Options: nosniff
1 < Content-Type: application/json; charset=utf-8
1 < Access-Control-Allow-Origin: *
1 < Access-Control-Allow-Methods: GET, OPTIONS
1 < Access-Control-Allow-Headers: Origin, Content-Type, Accept, Authorization, Token
1 < Access-Control-Max-Age: 1728000
1 < Etag: W/"63b640a2470a135f408013efbaf865ff"
1 < Cache-Control: max-age=0, private, must-revalidate
1 < X-Request-Id: d93b959d-4f50-4cba-b86c-a84f9c4d17fb
1 < X-Runtime: 0.074798
1 < Server: WEBrick/1.3.1 (Ruby/2.3.1/2016-04-26)
1 < Date: Wed, 24 Nov 2021 14:20:12 GMT
1 < Content-Length: 3682
1 < Via: 1.1 vegur
[{"website_link":"https:\/\/www.boosh.ca\/","image_link":"https:\/\/cdn.shopify.com\/s\/files\/1\/1016\/3243\/products\/LIPBALM_LID_grande.jpg?v=1496848378","rating":null,"description":"All of our products are free from lead and heavy metals, parabens, phthalates, artificial colourants, and synthetic fragrances.  Boosh lipstick glides on smoothly for clean & protective SPF coverage. They are filled with hydrating oils and butters to preserve and enhance your lips natural surface. Organic sweet orange oil gives a light and cheerful scent.","created_at":"2018-07-08T17:32:28.088Z","api_featured_image":"\/\/s3.amazonaws.com\/donovanbailey\/products\/api_featured_images\/000\/001\/044\/original\/data?1531071233","product_type":"lipstick","updated_at":"2018-09-02T22:52:06.669Z","price":"26.0","tag_list":["Chemical Free","Organic"],"name":"Lipstick","price_sign":"$","currency":"CAD","id":1044,"category":"lipstick","product_colors":[{"colour_name":"Babs","hex_value":"#CB4975"},{"colour_name":"Bobbie","hex_value":"#B6636F"},{"colour_name":"Rosie","hex_value":"#B37072"},{"colour_name":"Ellie","hex_value":"#C6727C"},{"colour_name":"Dahlia","hex_value":"#AF2257"},{"colour_name":"Kat","hex_value":"#573F53"},{"colour_name":"Brie","hex_value":"#875672"},{"colour_name":"Emmy","hex_value":"#BC88A5"},{"colour_name":"Dusty rose","hex_value":"#BB8A88"},{"colour_name":"Kylie","hex_value":"#8D5C58"},{"colour_name":"Leah","hex_value":"#C86775"},{"colour_name":"Lip Plumping Balm","hex_value":"#F8D7D6"},{"colour_name":"Luna","hex_value":"#8F6065"},{"colour_name":"Nova","hex_value":"#C79289"},{"colour_name":"Ruby","hex_value":"#9D3F47"}],"brand":"boosh","product_api_url":"https:\/\/makeup-api.herokuapp.com\/api\/v1\/products\/1044.json","product_link":"https:\/\/www.boosh.ca\/collections\/all"},{"website_link":"https:\/\/well.ca","image_link":"https:\/\/d3t32hsnjxo7q6.cloudfront.net\/i\/5876ec738df72b74a0aac649415a452f_ra,w158,h184_pa,w158,h184.jpg","rating":5.0,"description":"This Dr. Hauschka Lipstick leaves the lips feeling soft and silky thanks\n to its composition of premium argan oil and beeswax, as well as mineral\n pigments and medicinal plant extracts.  The colour of the slim-liner \ncombines with the natural red of the lips to create completely uniquenuances of colour.Ingredients: Ricinus\n Communis (Castor) Seed Oil, Simmondsia Chinensis (Jojoba) Seed Oil, \nRosa Canina Fruit Extract, Lanolin, Beeswax (Cera Alba), Mica, Daucus \nCarota Sativa (Carrot) Root Extract, Argania Spinosa Kernel Oil, \nEuphorbia Cerifera (Candelilla) Wax, Copernicia Cerifera (Carnauba) Wax,\n Rosa Damascena Flower Extract, Anthyllis Vulneraria Extract, Prunus \nAmygdalus Dulcis (Sweet Almond) Oil, Prunus Armeniaca (Apricot) Kernel \nOil, Hydrogenated Jojoba Oil, Rosa Damascena Flower Wax, Fragrance \n(Parfum), Linalool*, Benzyl Benzoate*, Farnesol*, Limonene*, Geraniol*, \nBenzyl Salicylate*, Eugenol*, Citronellol*, Benzyl Alcohol*, \nMaltodextrin, Lecithin, Silica, Carmine (CI 75470), Iron Oxides (CI \n77491, CI 77492, CI 77499), Titanium Dioxide (CI 77891).  *component of \nnatural essential oils","created_at":"2016-10-01T18:25:36.091Z","api_featured_image":"\/\/s3.amazonaws.com\/donovanbailey\/products\/api_featured_images\/000\/000\/099\/original\/data?1514063304","product_type":"lipstick","updated_at":"2017-12-23T21:08:24.940Z","price":"27.0","tag_list":["Organic","Natural"],"name":"Dr. Hauschka Limited Edition Lipstick Novum","price_sign":null,"currency":null,"id":99,"category":"lipstick","product_colors":[],"brand":"dr. hauschka","product_api_url":"https:\/\/makeup-api.herokuapp.com\/api\/v1\/products\/99.json","product_link":"https:\/\/well.ca\/products\/dr-hauschka-limited-edition_117899.html"}]
11:20:13.335 [pool-1-thread-4] DEBUG com.intuit.karate - response time in milliseconds: 6122
1 < 200
1 < Connection: keep-alive
1 < X-Frame-Options: SAMEORIGIN
1 < X-Xss-Protection: 1; mode=block
1 < X-Content-Type-Options: nosniff
1 < Content-Type: application/json; charset=utf-8
1 < Access-Control-Allow-Origin: *
1 < Access-Control-Allow-Methods: GET, OPTIONS
1 < Access-Control-Allow-Headers: Origin, Content-Type, Accept, Authorization, Token
1 < Access-Control-Max-Age: 1728000
1 < Etag: W/"63b640a2470a135f408013efbaf865ff"
1 < Cache-Control: max-age=0, private, must-revalidate
1 < X-Request-Id: 1b2d7e0f-6657-4ce2-96c4-6c7b847a9103
1 < X-Runtime: 0.073255
1 < Server: WEBrick/1.3.1 (Ruby/2.3.1/2016-04-26)
1 < Date: Wed, 24 Nov 2021 14:20:12 GMT
1 < Content-Length: 3682
1 < Via: 1.1 vegur
[{"website_link":"https:\/\/www.boosh.ca\/","image_link":"https:\/\/cdn.shopify.com\/s\/files\/1\/1016\/3243\/products\/LIPBALM_LID_grande.jpg?v=1496848378","rating":null,"description":"All of our products are free from lead and heavy metals, parabens, phthalates, artificial colourants, and synthetic fragrances.  Boosh lipstick glides on smoothly for clean & protective SPF coverage. They are filled with hydrating oils and butters to preserve and enhance your lips natural surface. Organic sweet orange oil gives a light and cheerful scent.","created_at":"2018-07-08T17:32:28.088Z","api_featured_image":"\/\/s3.amazonaws.com\/donovanbailey\/products\/api_featured_images\/000\/001\/044\/original\/data?1531071233","product_type":"lipstick","updated_at":"2018-09-02T22:52:06.669Z","price":"26.0","tag_list":["Chemical Free","Organic"],"name":"Lipstick","price_sign":"$","currency":"CAD","id":1044,"category":"lipstick","product_colors":[{"colour_name":"Babs","hex_value":"#CB4975"},{"colour_name":"Bobbie","hex_value":"#B6636F"},{"colour_name":"Rosie","hex_value":"#B37072"},{"colour_name":"Ellie","hex_value":"#C6727C"},{"colour_name":"Dahlia","hex_value":"#AF2257"},{"colour_name":"Kat","hex_value":"#573F53"},{"colour_name":"Brie","hex_value":"#875672"},{"colour_name":"Emmy","hex_value":"#BC88A5"},{"colour_name":"Dusty rose","hex_value":"#BB8A88"},{"colour_name":"Kylie","hex_value":"#8D5C58"},{"colour_name":"Leah","hex_value":"#C86775"},{"colour_name":"Lip Plumping Balm","hex_value":"#F8D7D6"},{"colour_name":"Luna","hex_value":"#8F6065"},{"colour_name":"Nova","hex_value":"#C79289"},{"colour_name":"Ruby","hex_value":"#9D3F47"}],"brand":"boosh","product_api_url":"https:\/\/makeup-api.herokuapp.com\/api\/v1\/products\/1044.json","product_link":"https:\/\/www.boosh.ca\/collections\/all"},{"website_link":"https:\/\/well.ca","image_link":"https:\/\/d3t32hsnjxo7q6.cloudfront.net\/i\/5876ec738df72b74a0aac649415a452f_ra,w158,h184_pa,w158,h184.jpg","rating":5.0,"description":"This Dr. Hauschka Lipstick leaves the lips feeling soft and silky thanks\n to its composition of premium argan oil and beeswax, as well as mineral\n pigments and medicinal plant extracts.  The colour of the slim-liner \ncombines with the natural red of the lips to create completely uniquenuances of colour.Ingredients: Ricinus\n Communis (Castor) Seed Oil, Simmondsia Chinensis (Jojoba) Seed Oil, \nRosa Canina Fruit Extract, Lanolin, Beeswax (Cera Alba), Mica, Daucus \nCarota Sativa (Carrot) Root Extract, Argania Spinosa Kernel Oil, \nEuphorbia Cerifera (Candelilla) Wax, Copernicia Cerifera (Carnauba) Wax,\n Rosa Damascena Flower Extract, Anthyllis Vulneraria Extract, Prunus \nAmygdalus Dulcis (Sweet Almond) Oil, Prunus Armeniaca (Apricot) Kernel \nOil, Hydrogenated Jojoba Oil, Rosa Damascena Flower Wax, Fragrance \n(Parfum), Linalool*, Benzyl Benzoate*, Farnesol*, Limonene*, Geraniol*, \nBenzyl Salicylate*, Eugenol*, Citronellol*, Benzyl Alcohol*, \nMaltodextrin, Lecithin, Silica, Carmine (CI 75470), Iron Oxides (CI \n77491, CI 77492, CI 77499), Titanium Dioxide (CI 77891).  *component of \nnatural essential oils","created_at":"2016-10-01T18:25:36.091Z","api_featured_image":"\/\/s3.amazonaws.com\/donovanbailey\/products\/api_featured_images\/000\/000\/099\/original\/data?1514063304","product_type":"lipstick","updated_at":"2017-12-23T21:08:24.940Z","price":"27.0","tag_list":["Organic","Natural"],"name":"Dr. Hauschka Limited Edition Lipstick Novum","price_sign":null,"currency":null,"id":99,"category":"lipstick","product_colors":[],"brand":"dr. hauschka","product_api_url":"https:\/\/makeup-api.herokuapp.com\/api\/v1\/products\/99.json","product_link":"https:\/\/well.ca\/products\/dr-hauschka-limited-edition_117899.html"}]
11:20:13.348 [pool-1-thread-5] DEBUG com.intuit.karate - response time in milliseconds: 6129
1 < 200
1 < Connection: keep-alive
1 < X-Frame-Options: SAMEORIGIN
1 < X-Xss-Protection: 1; mode=block
1 < X-Content-Type-Options: nosniff
1 < Content-Type: application/json; charset=utf-8
1 < Access-Control-Allow-Origin: *
1 < Access-Control-Allow-Methods: GET, OPTIONS
1 < Access-Control-Allow-Headers: Origin, Content-Type, Accept, Authorization, Token
1 < Access-Control-Max-Age: 1728000
1 < Etag: W/"63b640a2470a135f408013efbaf865ff"
1 < Cache-Control: max-age=0, private, must-revalidate
1 < X-Request-Id: f2a1a7a4-3cba-4083-964d-fe38305ecdcf
1 < X-Runtime: 0.082153
1 < Server: WEBrick/1.3.1 (Ruby/2.3.1/2016-04-26)
1 < Date: Wed, 24 Nov 2021 14:20:12 GMT
1 < Content-Length: 3682
1 < Via: 1.1 vegur
[{"website_link":"https:\/\/www.boosh.ca\/","image_link":"https:\/\/cdn.shopify.com\/s\/files\/1\/1016\/3243\/products\/LIPBALM_LID_grande.jpg?v=1496848378","rating":null,"description":"All of our products are free from lead and heavy metals, parabens, phthalates, artificial colourants, and synthetic fragrances.  Boosh lipstick glides on smoothly for clean & protective SPF coverage. They are filled with hydrating oils and butters to preserve and enhance your lips natural surface. Organic sweet orange oil gives a light and cheerful scent.","created_at":"2018-07-08T17:32:28.088Z","api_featured_image":"\/\/s3.amazonaws.com\/donovanbailey\/products\/api_featured_images\/000\/001\/044\/original\/data?1531071233","product_type":"lipstick","updated_at":"2018-09-02T22:52:06.669Z","price":"26.0","tag_list":["Chemical Free","Organic"],"name":"Lipstick","price_sign":"$","currency":"CAD","id":1044,"category":"lipstick","product_colors":[{"colour_name":"Babs","hex_value":"#CB4975"},{"colour_name":"Bobbie","hex_value":"#B6636F"},{"colour_name":"Rosie","hex_value":"#B37072"},{"colour_name":"Ellie","hex_value":"#C6727C"},{"colour_name":"Dahlia","hex_value":"#AF2257"},{"colour_name":"Kat","hex_value":"#573F53"},{"colour_name":"Brie","hex_value":"#875672"},{"colour_name":"Emmy","hex_value":"#BC88A5"},{"colour_name":"Dusty rose","hex_value":"#BB8A88"},{"colour_name":"Kylie","hex_value":"#8D5C58"},{"colour_name":"Leah","hex_value":"#C86775"},{"colour_name":"Lip Plumping Balm","hex_value":"#F8D7D6"},{"colour_name":"Luna","hex_value":"#8F6065"},{"colour_name":"Nova","hex_value":"#C79289"},{"colour_name":"Ruby","hex_value":"#9D3F47"}],"brand":"boosh","product_api_url":"https:\/\/makeup-api.herokuapp.com\/api\/v1\/products\/1044.json","product_link":"https:\/\/www.boosh.ca\/collections\/all"},{"website_link":"https:\/\/well.ca","image_link":"https:\/\/d3t32hsnjxo7q6.cloudfront.net\/i\/5876ec738df72b74a0aac649415a452f_ra,w158,h184_pa,w158,h184.jpg","rating":5.0,"description":"This Dr. Hauschka Lipstick leaves the lips feeling soft and silky thanks\n to its composition of premium argan oil and beeswax, as well as mineral\n pigments and medicinal plant extracts.  The colour of the slim-liner \ncombines with the natural red of the lips to create completely uniquenuances of colour.Ingredients: Ricinus\n Communis (Castor) Seed Oil, Simmondsia Chinensis (Jojoba) Seed Oil, \nRosa Canina Fruit Extract, Lanolin, Beeswax (Cera Alba), Mica, Daucus \nCarota Sativa (Carrot) Root Extract, Argania Spinosa Kernel Oil, \nEuphorbia Cerifera (Candelilla) Wax, Copernicia Cerifera (Carnauba) Wax,\n Rosa Damascena Flower Extract, Anthyllis Vulneraria Extract, Prunus \nAmygdalus Dulcis (Sweet Almond) Oil, Prunus Armeniaca (Apricot) Kernel \nOil, Hydrogenated Jojoba Oil, Rosa Damascena Flower Wax, Fragrance \n(Parfum), Linalool*, Benzyl Benzoate*, Farnesol*, Limonene*, Geraniol*, \nBenzyl Salicylate*, Eugenol*, Citronellol*, Benzyl Alcohol*, \nMaltodextrin, Lecithin, Silica, Carmine (CI 75470), Iron Oxides (CI \n77491, CI 77492, CI 77499), Titanium Dioxide (CI 77891).  *component of \nnatural essential oils","created_at":"2016-10-01T18:25:36.091Z","api_featured_image":"\/\/s3.amazonaws.com\/donovanbailey\/products\/api_featured_images\/000\/000\/099\/original\/data?1514063304","product_type":"lipstick","updated_at":"2017-12-23T21:08:24.940Z","price":"27.0","tag_list":["Organic","Natural"],"name":"Dr. Hauschka Limited Edition Lipstick Novum","price_sign":null,"currency":null,"id":99,"category":"lipstick","product_colors":[],"brand":"dr. hauschka","product_api_url":"https:\/\/makeup-api.herokuapp.com\/api\/v1\/products\/99.json","product_link":"https:\/\/well.ca\/products\/dr-hauschka-limited-edition_117899.html"}]
11:20:13.339 [pool-1-thread-2] DEBUG com.intuit.karate - response time in milliseconds: 6136
1 < 200
1 < Connection: keep-alive
1 < X-Frame-Options: SAMEORIGIN
1 < X-Xss-Protection: 1; mode=block
1 < X-Content-Type-Options: nosniff
1 < Content-Type: application/json; charset=utf-8
1 < Access-Control-Allow-Origin: *
1 < Access-Control-Allow-Methods: GET, OPTIONS
1 < Access-Control-Allow-Headers: Origin, Content-Type, Accept, Authorization, Token
1 < Access-Control-Max-Age: 1728000
1 < Etag: W/"63b640a2470a135f408013efbaf865ff"
1 < Cache-Control: max-age=0, private, must-revalidate
1 < X-Request-Id: 8bd722f7-0444-4721-a425-b1c6fc5fbc92
1 < X-Runtime: 0.079735
1 < Server: WEBrick/1.3.1 (Ruby/2.3.1/2016-04-26)
1 < Date: Wed, 24 Nov 2021 14:20:12 GMT
1 < Content-Length: 3682
1 < Via: 1.1 vegur
[{"website_link":"https:\/\/www.boosh.ca\/","image_link":"https:\/\/cdn.shopify.com\/s\/files\/1\/1016\/3243\/products\/LIPBALM_LID_grande.jpg?v=1496848378","rating":null,"description":"All of our products are free from lead and heavy metals, parabens, phthalates, artificial colourants, and synthetic fragrances.  Boosh lipstick glides on smoothly for clean & protective SPF coverage. They are filled with hydrating oils and butters to preserve and enhance your lips natural surface. Organic sweet orange oil gives a light and cheerful scent.","created_at":"2018-07-08T17:32:28.088Z","api_featured_image":"\/\/s3.amazonaws.com\/donovanbailey\/products\/api_featured_images\/000\/001\/044\/original\/data?1531071233","product_type":"lipstick","updated_at":"2018-09-02T22:52:06.669Z","price":"26.0","tag_list":["Chemical Free","Organic"],"name":"Lipstick","price_sign":"$","currency":"CAD","id":1044,"category":"lipstick","product_colors":[{"colour_name":"Babs","hex_value":"#CB4975"},{"colour_name":"Bobbie","hex_value":"#B6636F"},{"colour_name":"Rosie","hex_value":"#B37072"},{"colour_name":"Ellie","hex_value":"#C6727C"},{"colour_name":"Dahlia","hex_value":"#AF2257"},{"colour_name":"Kat","hex_value":"#573F53"},{"colour_name":"Brie","hex_value":"#875672"},{"colour_name":"Emmy","hex_value":"#BC88A5"},{"colour_name":"Dusty rose","hex_value":"#BB8A88"},{"colour_name":"Kylie","hex_value":"#8D5C58"},{"colour_name":"Leah","hex_value":"#C86775"},{"colour_name":"Lip Plumping Balm","hex_value":"#F8D7D6"},{"colour_name":"Luna","hex_value":"#8F6065"},{"colour_name":"Nova","hex_value":"#C79289"},{"colour_name":"Ruby","hex_value":"#9D3F47"}],"brand":"boosh","product_api_url":"https:\/\/makeup-api.herokuapp.com\/api\/v1\/products\/1044.json","product_link":"https:\/\/www.boosh.ca\/collections\/all"},{"website_link":"https:\/\/well.ca","image_link":"https:\/\/d3t32hsnjxo7q6.cloudfront.net\/i\/5876ec738df72b74a0aac649415a452f_ra,w158,h184_pa,w158,h184.jpg","rating":5.0,"description":"This Dr. Hauschka Lipstick leaves the lips feeling soft and silky thanks\n to its composition of premium argan oil and beeswax, as well as mineral\n pigments and medicinal plant extracts.  The colour of the slim-liner \ncombines with the natural red of the lips to create completely uniquenuances of colour.Ingredients: Ricinus\n Communis (Castor) Seed Oil, Simmondsia Chinensis (Jojoba) Seed Oil, \nRosa Canina Fruit Extract, Lanolin, Beeswax (Cera Alba), Mica, Daucus \nCarota Sativa (Carrot) Root Extract, Argania Spinosa Kernel Oil, \nEuphorbia Cerifera (Candelilla) Wax, Copernicia Cerifera (Carnauba) Wax,\n Rosa Damascena Flower Extract, Anthyllis Vulneraria Extract, Prunus \nAmygdalus Dulcis (Sweet Almond) Oil, Prunus Armeniaca (Apricot) Kernel \nOil, Hydrogenated Jojoba Oil, Rosa Damascena Flower Wax, Fragrance \n(Parfum), Linalool*, Benzyl Benzoate*, Farnesol*, Limonene*, Geraniol*, \nBenzyl Salicylate*, Eugenol*, Citronellol*, Benzyl Alcohol*, \nMaltodextrin, Lecithin, Silica, Carmine (CI 75470), Iron Oxides (CI \n77491, CI 77492, CI 77499), Titanium Dioxide (CI 77891).  *component of \nnatural essential oils","created_at":"2016-10-01T18:25:36.091Z","api_featured_image":"\/\/s3.amazonaws.com\/donovanbailey\/products\/api_featured_images\/000\/000\/099\/original\/data?1514063304","product_type":"lipstick","updated_at":"2017-12-23T21:08:24.940Z","price":"27.0","tag_list":["Organic","Natural"],"name":"Dr. Hauschka Limited Edition Lipstick Novum","price_sign":null,"currency":null,"id":99,"category":"lipstick","product_colors":[],"brand":"dr. hauschka","product_api_url":"https:\/\/makeup-api.herokuapp.com\/api\/v1\/products\/99.json","product_link":"https:\/\/well.ca\/products\/dr-hauschka-limited-edition_117899.html"}]
11:20:14.230 [pool-1-thread-1] INFO  com.intuit.karate - karate.env system property was: null 
11:20:14.448 [pool-1-thread-1] DEBUG com.intuit.karate - request:
1 > GET https://makeup-api.herokuapp.com/api/v1/products.json?product_tags=Natural&product_type=blush
1 > Host: makeup-api.herokuapp.com
1 > Connection: Keep-Alive
1 > User-Agent: Apache-HttpClient/4.5.13 (Java/17.0.1)
1 > Accept-Encoding: gzip,deflate


11:20:15.295 [pool-1-thread-2] ERROR com.intuit.karate - src/test/java/aula_inatel/testeAPIKarate/makeup.feature:47
And match response[0].product_colors[1].colour_name == 'Rosie'
match failed: EQUALS
  $ | not equal (STRING:STRING)
  'Bobbie'
  'Rosie'

src/test/java/aula_inatel/testeAPIKarate/makeup.feature:47
11:20:15.789 [pool-1-thread-4] INFO  com.intuit.karate - karate.env system property was: null 
11:20:16.785 [pool-1-thread-1] DEBUG com.intuit.karate - response time in milliseconds: 2131
1 < 200
1 < Connection: keep-alive
1 < X-Frame-Options: SAMEORIGIN
1 < X-Xss-Protection: 1; mode=block
1 < X-Content-Type-Options: nosniff
1 < Content-Type: application/json; charset=utf-8
1 < Access-Control-Allow-Origin: *
1 < Access-Control-Allow-Methods: GET, OPTIONS
1 < Access-Control-Allow-Headers: Origin, Content-Type, Accept, Authorization, Token
1 < Access-Control-Max-Age: 1728000
1 < Etag: W/"b7ac78875c5ecd50d323bef688d6124d"
1 < Cache-Control: max-age=0, private, must-revalidate
1 < X-Request-Id: ebf7d572-d6cb-4f0b-b4f8-407dfdccf7ec
1 < X-Runtime: 0.119364
1 < Server: WEBrick/1.3.1 (Ruby/2.3.1/2016-04-26)
1 < Date: Wed, 24 Nov 2021 14:20:15 GMT
1 < Content-Length: 15563
1 < Via: 1.1 vegur
[{"website_link":"https:\/\/well.ca","image_link":"https:\/\/d3t32hsnjxo7q6.cloudfront.net\/i\/ed6e230c6394a3c6d1904fcd02a4ae3a_ra,w158,h184_pa,w158,h184.png","rating":null,"description":"Create naturally flushed looking cheeks with Saint Cosmetics' blush formulations. Designed to be worn alone or layered for more depth.Features: An ultra-blendable blush with a long-lasting formulaSilky smooth finishCreates a multi-dimensional lookMade in Canada from naturally derived ingredientsChemical Free, Vegan, Gluten Free","created_at":"2016-10-01T18:35:28.524Z","api_featured_image":"\/\/s3.amazonaws.com\/donovanbailey\/products\/api_featured_images\/000\/000\/469\/original\/open-uri20171223-4-i60yfu?1514063322","product_type":"blush","updated_at":"2017-12-23T21:08:42.899Z","price":"28.96","tag_list":["Natural","Vegan","Gluten Free","Canadian"],"name":"Saint Cosmetics Blush","price_sign":null,"currency":null,"id":469,"category":"powder","product_colors":[{"colour_name":"Cheeky Cherub ","hex_value":"#F591A6"},{"colour_name":"Get Me To The Alter ","hex_value":"#E88C90"},{"colour_name":"Luv Me Gently ","hex_value":"#EE8581"},{"colour_name":"Passionate Plum ","hex_value":"#C7797B"},{"colour_name":"Peaching To The Choir ","hex_value":"#EC8389"}],"brand":null,"product_api_url":"https:\/\/makeup-api.herokuapp.com\/api\/v1\/products\/469.json","product_link":"https:\/\/well.ca\/products\/saint-cosmetics-blush_116825.html"},{"website_link":"https:\/\/well.ca","image_link":"https:\/\/d3t32hsnjxo7q6.cloudfront.net\/i\/b5dc625e10b6324d1d74a31641f42fa3_ra,w158,h184_pa,w158,h184.jpeg","rating":3.0,"description":"Sante Rouge is a soft powder blush with silky-smooth texture. It's formulated with organic jojoba and chamomile for natural freshness.  Colours:Ingredients: Talc, Magnesium Stearate, Mica, Lauryl Lactate, Lauroyl Lysine, Olea Europaea (Olive) Fruit Oil*, Simmondsia Chinensis (Jojoba) Seed Oil*, Chamomilla Recutita (Matricaria) Extract*, Parfum (Essential Oils), Bisabolol, Tocopheryl Acetate, [+\/- CI 77891, CI 77491, CI 77492, CI 75470, CI 77007, CI 77499] * organically grown","created_at":"2016-10-01T18:35:26.482Z","api_featured_image":"\/\/s3.amazonaws.com\/donovanbailey\/products\/api_featured_images\/000\/000\/467\/original\/data?1514063326","product_type":"blush","updated_at":"2017-12-23T21:08:46.993Z","price":"23.49","tag_list":["Natural"],"name":"Sante Rouge","price_sign":null,"currency":null,"id":467,"category":"powder","product_colors":[],"brand":"sante","product_api_url":"https:\/\/makeup-api.herokuapp.com\/api\/v1\/products\/467.json","product_link":"https:\/\/well.ca\/products\/sante-rouge_51620.html"},{"website_link":"https:\/\/well.ca","image_link":"https:\/\/d3t32hsnjxo7q6.cloudfront.net\/i\/f1c6dea6717aeaa8796a5f62992d8979_ra,w158,h184_pa,w158,h184.jpeg","rating":5.0,"description":"Mineral Fusion Blush features luxuriously silky, triple-milled minerals that offer a natural flush of color to brighten the complexion and create a healthy, youthful glow. Includes a powerful blend of Pomegranate, White Tea, Red Tea and Sea Kelp, plus Vitamins C and E that defend skin against free radical damage for a healthy radiance. Free of Gluten, Parabens, Artificial Colors, Fragrances and Talc. Never-tested on animals. Hypo-allergenic.Ingredients: Mica, Zinc Stearate, Octyldodecyl Stearoyl Stearate, Titanium Dioxide (CI 77891), Caprylic\/Capric Triglyceride, Tocopheryl Acetate (Vitamin E), Ascorbyl Palmitate (Vitamin C), Camellia Sinensis (White Tea) Leaf Extract, Aspalathus Linearis (Rooibos Red Tea) Leaf Extract, Punica Granatum (Pomegranate) Extract, Vitis Vinifera (Grape) Seed Extract, Laminaria Ochroleuca (Sea Kelp) Extract, Aloe Barbadensis (Aloe Vera) Extract, Lauroyl Lysine, Sambucus Nigra Fruit (Elderberry), Phenoxyethanol. MAY CONTAIN (+\/-): Iron Oxides (CI 77491, 77492, 77499), Carmine (CI 75470), Ultramarine (CI 77007), Manganese Violet (CI 77742). ","created_at":"2016-10-01T18:35:16.184Z","api_featured_image":"\/\/s3.amazonaws.com\/donovanbailey\/products\/api_featured_images\/000\/000\/459\/original\/data?1514063321","product_type":"blush","updated_at":"2017-12-23T21:08:41.903Z","price":"32.0","tag_list":["Gluten Free","Natural"],"name":"Mineral Fusion Blush","price_sign":null,"currency":null,"id":459,"category":"powder","product_colors":[{"colour_name":"Airy - Shimmering Mauve ","hex_value":"#BC7070"},{"colour_name":"Creation - Matte Rosy-pink ","hex_value":"#C88481"},{"colour_name":"Flashy - Matte Coral ","hex_value":"#E4958E"}],"brand":"mineral fusion","product_api_url":"https:\/\/makeup-api.herokuapp.com\/api\/v1\/products\/459.json","product_link":"https:\/\/well.ca\/products\/mineral-fusion-blush_91619.html"},{"website_link":"https:\/\/well.ca","image_link":"https:\/\/d3t32hsnjxo7q6.cloudfront.net\/i\/187a238fb2afe03f3f7d0133305d845a_ra,w158,h184_pa,w158,h184.jpg","rating":4.0,"description":"Impart a healthy glow, with a Pure Anada luminous mineral blush!Learn how to make your own custom lip balm using your favourite shade with our easy DIY Lip Balm recipe on our blog, The Well!Shade Range: Ingredients: Mica,  Iron Oxides, Ultramarines, May contain: Titanium Dioxide","created_at":"2016-10-01T18:34:55.831Z","api_featured_image":"\/\/s3.amazonaws.com\/donovanbailey\/products\/api_featured_images\/000\/000\/445\/original\/data?1514063325","product_type":"blush","updated_at":"2017-12-23T21:08:45.969Z","price":"12.0","tag_list":["Canadian","Natural"],"name":"Pure Anada Loose Mineral Luminous Blush","price_sign":null,"currency":null,"id":445,"category":"powder","product_colors":[{"colour_name":"Autum (Neutral) ","hex_value":"#b5665f"},{"colour_name":"Hibiscus (Cool) ","hex_value":"#8b2d46"},{"colour_name":"Mango Ice (Warm) ","hex_value":"#f69476"}],"brand":"pure anada","product_api_url":"https:\/\/makeup-api.herokuapp.com\/api\/v1\/products\/445.json","product_link":"https:\/\/well.ca\/products\/pure-anada-loose-mineral-luminous_93630.html"},{"website_link":"https:\/\/well.ca","image_link":"https:\/\/d3t32hsnjxo7q6.cloudfront.net\/i\/47169d3a86232fa7eec3a0c43ed1ad06_ra,w158,h184_pa,w158,h184.jpeg","rating":4.5,"description":"Pure Anada Loose Mineral Velvet Matte Blush gives your cheeks a soft sweep of subtle color. Comes packaged in a 3 g sifter jar. Shade Range: Ingredients: Mica, Calcium Carbonate, Iron Oxides, Ultramarines, May contain: Titanium Dioxide","created_at":"2016-10-01T18:34:47.620Z","api_featured_image":"\/\/s3.amazonaws.com\/donovanbailey\/products\/api_featured_images\/000\/000\/440\/original\/data?1514063325","product_type":"blush","updated_at":"2017-12-23T21:08:45.234Z","price":"12.0","tag_list":["Canadian","Natural"],"name":"Pure Anada Loose Mineral Velvet Matte Blush ","price_sign":null,"currency":null,"id":440,"category":"powder","product_colors":[{"colour_name":"Twig Blush (Neutral Tones) ","hex_value":"#9B593E"},{"colour_name":"Berry Blush (Cool Tones) ","hex_value":"#A25156"},{"colour_name":"Apricot Blush (Warm Tones) ","hex_value":"#AC564D"}],"brand":"pure anada","product_api_url":"https:\/\/makeup-api.herokuapp.com\/api\/v1\/products\/440.json","product_link":"https:\/\/well.ca\/products\/pure-anada-loose-mineral-velvet_83216.html"},{"website_link":"https:\/\/well.ca","image_link":"https:\/\/d3t32hsnjxo7q6.cloudfront.net\/i\/43071cd57ecffc55c1e0bff29278c3a7_ra,w158,h184_pa,w158,h184.jpeg","rating":4.4,"description":"Pure Anada is pleased to bring you a lovely selection of convenient pressed mineral colors!    You\u2019ll love the silky texture and longevity of these highly wearable cheek colors.Mineral pigments and organic Jojoba are pressed together to create a natural makeup product. You can have confidence that you are making a beautiful, healthy choice!Pure Anada pressed colors are designed to be inserted into customizable magnetic compacts like the Pure Ananda Reusable Magnetic Compact. Design your own palette!  Shades:Ingredients: Mica (CI 77019), Iron Oxides (CI 77492, CI 77499) Calcium Carbonate, Caprylic Triglyceride *Simmondsia Chinensis (Jojoba seed oil) Ultramarines (CI 77007), Titanium Dioxide (CI 77891) * Certified Organic IngredientVegan, Gluten Free, Non-GMO, Dairy Free, Peanut Free, Natural","created_at":"2016-10-01T18:34:42.997Z","api_featured_image":"\/\/s3.amazonaws.com\/donovanbailey\/products\/api_featured_images\/000\/000\/437\/original\/data?1514063324","product_type":"blush","updated_at":"2017-12-23T21:08:44.981Z","price":"12.0","tag_list":["Natural","Vegan","Gluten Free","Non-GMO","Canadian"],"name":"Pure Anada Pressed Mineral Cheek Colour Pan","price_sign":null,"currency":null,"id":437,"category":"powder","product_colors":[{"colour_name":"Bronzed Clove ","hex_value":"#d88a66"},{"colour_name":"Day Lily (Demi-Matte Burgundy) ","hex_value":"#b9484a"},{"colour_name":"Forever Summer\t (Demi-Matte Coral Pink) ","hex_value":"#f47892"},{"colour_name":"Fresh Mandarin ","hex_value":"#ee7f66"},{"colour_name":"Lush Nectarine (Demi-Matte Apricot) ","hex_value":"#c14c38"},{"colour_name":"Strawberry Field  ","hex_value":"#e06989"},{"colour_name":"Sweet Pea ","hex_value":"#f39f94"},{"colour_name":"Tender Twig ","hex_value":"#e07b78"}],"brand":"pure anada","product_api_url":"https:\/\/makeup-api.herokuapp.com\/api\/v1\/products\/437.json","product_link":"https:\/\/well.ca\/products\/pure-anada-pressed-mineral-cheek_83224.html"},{"website_link":"https:\/\/well.ca","image_link":"https:\/\/d3t32hsnjxo7q6.cloudfront.net\/i\/3a23201f66be485784f542c43a4b3569_ra,w158,h184_pa,w158,h184.jpg","rating":2.3,"description":"A little goes a long way with this richly pigmented multi-use balm that can be used on cheeks and lips for a fresh, happy glow. Start with one dab of DaLish Lip Cheek Balm on the apples of cheeks and use your fingers to massage in colour where you want it. Pearl-like pigments means the pretty tint won\u2019t fall flat on lips. Directions: Apply directly on to lips for balm use and dab directly onto cheeks for blush use. Blend woth your fingers till you reach your desired look. Shade Range:  BO1 - Dusty Rose \u2013 shade with a hint of bronzer. Perfect for fair to medium tones.\n                            \n                          \n                            \n                                                                                                    \n                                                                 BO2 - Coral \u2013 that has a real punch to it. Perfect for all skin tones.\n                            \n                          \n                            \n                                                                                                    \n                                                                 BO3 - Bubble Gum Pink \u2013 Has a great pop of colour and perfect for all skin tones.\n                            \n                          \n                            \n                                                                                                    \n                                                                 BO4 - Bronzer \u2013 Perfect for all colour tones and ideal for contouring.\n                            \n                          \n                            \n                                                                                                    \n                                                                 BO5 - Deep Plum \u2013 Perfect for all skin tones. - See more at: \/\/www.dalishcosmetics.com\/product\/lipcheek-balms-75-natural#sthash.9DGfyyKW.dpufBO1 - Dusty Rose \u2013 shade with a hint of bronzer. Perfect for fair to medium tones.BO2 - Coral \u2013 that has a real punch to it. Perfect for all skin tones.BO3 - Bubble Gum Pink \u2013 Has a great pop of colour and perfect for all skin tones.BO4 - Bronzer \u2013 Perfect for all colour tones and ideal for contouring.BO5 - Deep Plum \u2013 Perfect for all skin tones.Ingredients: Ricinus Communis (Castor) Seed Oil, Caprylic\/Capric Triglycerides, Copernicia Cerifera (Carnauba) Wax, Cetyl Alcohol, Hydrogenated Castor oil, Cetyl Palmitate, Beeswax, Sorbitan Palmitate, Sorbitan Olivate, Helianthus Annuus (Sunflower) Seed Oil, Rosmarinus officinalis (Rosemary) Leaf Extract, Benzyl Alcohol, Benzoic Acid, Dehydroacetic Acid, Sorbic Acid, Tocopherol, Vanillin, May contain (+\/-), Titanium Dioxide CI 77891, Iron Oxides CI 77491, Mica CI 77019, Red 7 Lake CI 15850, Yellow 5 Lake CI 19140, Red 27 Lake CI 45410, Red 30 Lake CI 73360, Blue 1 Lake CI 42090, Carmine CI 75470. *Contains natural Antioxidant Contains organic castor oil and Carnauba Wax ","created_at":"2016-10-01T18:34:19.742Z","api_featured_image":"\/\/s3.amazonaws.com\/donovanbailey\/products\/api_featured_images\/000\/000\/416\/original\/data?1514063320","product_type":"blush","updated_at":"2017-12-23T21:08:40.672Z","price":"15.0","tag_list":["Canadian","Natural"],"name":"DaLish Lip Cheek Balm","price_sign":null,"currency":null,"id":416,"category":"cream","product_colors":[{"colour_name":"BO1 - Dusty Rose ","hex_value":"#cc7c7d"},{"colour_name":"BO2 - Coral ","hex_value":"#bf3938"},{"colour_name":"BO3 - Bubble Gum Pink ","hex_value":"#e2707a"},{"colour_name":"BO4 - Bronzer ","hex_value":"#a76b4f"},{"colour_name":"BO5 - Deep Plum ","hex_value":"#7c3545"}],"brand":null,"product_api_url":"https:\/\/makeup-api.herokuapp.com\/api\/v1\/products\/416.json","product_link":"https:\/\/well.ca\/products\/dalish-lip-cheek-balm_98198.html?cat=1978"},{"website_link":"https:\/\/well.ca","image_link":"https:\/\/d3t32hsnjxo7q6.cloudfront.net\/i\/4395f2c09aebd1b8d8f183168bc5d00f_ra,w158,h184_pa,w158,h184.jpeg","rating":3.6,"description":"You will absolutely LOVE these Radiant Shimmer Coconut Multiples! Coconut infused multi-use creamy colors for cheeks, eyes, lips and even your body are housed in a magically decorated palette. Create shimmering highlights, glowing illumination and beautiful contours. Natural mineral makeup formula blends effortlessly and can be used sheer, layered or built-up for more drama. Go ahead and play all you want, these mineral makeup colors are full of skin-loving naturals.Includes 3 Shimmering Shades:Bronzed: Perfectly glowing sun-kissed color with golden shimmer shadowIsland Rose: shimmering, radiant dewy pink shadowMoonlit: Iridescent pale shades of moon-kissed shimmerFeatures:No animal testingGluten-free100% vegan and cruelty-freeFormulated without: Phthalates, parabens, carmine, beeswax, lanolin, mineral oils, propylene glycol, petroleum and FD& C colors (along with other nasties you do not want on your skin). Ingredients: Ethylhexyl Palmitate, Silica, Mica,  Caprylic\/Capric Triglyceride,Helianthus Annuus (Sunflower) Seed Oil, Ozokerite, Copernicia Cerifera(Carnauba) Wax, Euphorbia Cerifera (Candelilla) Wax, Cetyl Palmitate, Carthamus Tinctorius (Safflower) Seedoil, Parfum (All Natural), Tocopheryl Acetate (Vitamin E), Macrocystis Pyrifera (Brown Kelp) Extract,Cocos Nucifera (Coconut) Fruit Extract, Tin Oxide. Titanium Dioxide Ci 77891, Iron Oxides Ci 77941","created_at":"2016-10-01T18:30:09.334Z","api_featured_image":"\/\/s3.amazonaws.com\/donovanbailey\/products\/api_featured_images\/000\/000\/278\/original\/data?1514063324","product_type":"blush","updated_at":"2017-12-23T21:08:44.239Z","price":"28.0","tag_list":["Natural","Vegan","Gluten Free"],"name":"Pacifica Radiant Shimmer Highlighting Creams For Eyes Lips Face","price_sign":null,"currency":null,"id":278,"category":"powder","product_colors":[{"colour_name":"color 1","hex_value":"#7E554A"},{"colour_name":"color 2","hex_value":"#BC8A88"},{"colour_name":"color 3","hex_value":"#D1B6A9"}],"brand":"pacifica","product_api_url":"https:\/\/makeup-api.herokuapp.com\/api\/v1\/products\/278.json","product_link":"https:\/\/well.ca\/products\/pacifica-radiant-shimmer_77804.html?cat=1977"}]
11:20:18.044 [pool-1-thread-4] DEBUG com.intuit.karate - request:
1 > POST https://makeup-api.herokuapp.com/api/v1/products.json?product_tags=Natural&product_type=blush
1 > Content-Type: application/json; charset=UTF-8
1 > Content-Length: 55
1 > Host: makeup-api.herokuapp.com
1 > Connection: Keep-Alive
1 > User-Agent: Apache-HttpClient/4.5.13 (Java/17.0.1)
1 > Accept-Encoding: gzip,deflate
{"price":"20.50","name":"Beauty Blush","brand":"MakeB"}

11:20:19.118 [pool-1-thread-4] DEBUG com.intuit.karate - response time in milliseconds: 1039
1 < 422
1 < Connection: keep-alive
1 < Content-Type: application/json; charset=utf-8
1 < Content-Length: 45
1 < X-Request-Id: cfee752a-fb56-4f5e-b7e5-eaab08ac8417
1 < X-Runtime: 0.004925
1 < Server: WEBrick/1.3.1 (Ruby/2.3.1/2016-04-26)
1 < Date: Wed, 24 Nov 2021 14:20:18 GMT
1 < Via: 1.1 vegur
{"error":"Unprocessable Entity","status":422}
11:20:19.134 [pool-1-thread-4] ERROR com.intuit.karate - src/test/java/aula_inatel/testeAPIKarate/makeup.feature:61
Then status 201
status code was: 422, expected: 201, response time in milliseconds: 1039, url: https://makeup-api.herokuapp.com/api/v1/products.json?product_tags=Natural&product_type=blush, response: 
{"status":422,"error":"Unprocessable Entity"}
src/test/java/aula_inatel/testeAPIKarate/makeup.feature:61
11:20:42.417 [pool-2-thread-1] INFO  com.intuit.karate.Suite - <<fail>> feature 1 of 1 (0 remaining) src/test/java/aula_inatel/testeAPIKarate/makeup.feature
